<?xml version="1.0" encoding="UTF-8" standalone="yes"?><!DOCTYPE report PUBLIC "-//JACOCO//DTD Report 1.1//EN" "report.dtd"><report name="Alta Maven Plugin"><sessioninfo id="triton.local-b96718af" start="1685825746734" dump="1685825747168"/><sessioninfo id="triton.local-4852be7a" start="1685825749554" dump="1685825753729"/><sessioninfo id="triton.local-8e3fe40c" start="1685825753997" dump="1685825757242"/><sessioninfo id="triton.local-d4ffff57" start="1685825757374" dump="1685825761110"/><sessioninfo id="triton.local-2c09d5fb" start="1685825761239" dump="1685825763146"/><sessioninfo id="triton.local-c9c82084" start="1685825763325" dump="1685825765313"/><sessioninfo id="triton.local-1c2f9ad6" start="1685825765491" dump="1685825770802"/><sessioninfo id="triton.local-ac89495b" start="1685825770934" dump="1685825772836"/><sessioninfo id="triton.local-e0715d9f" start="1685825773043" dump="1685825776053"/><sessioninfo id="triton.local-e5eeb3cb" start="1685825776179" dump="1685825777867"/></report>