<?xml version="1.0" encoding="UTF-8" standalone="yes"?><!DOCTYPE report PUBLIC "-//JACOCO//DTD Report 1.1//EN" "report.dtd"><report name="Alta Maven Plugin"><sessioninfo id="triton.local-f478e16" start="1674994597034" dump="1674994597621"/><sessioninfo id="triton.local-c7fc4654" start="1674994600598" dump="1674994605266"/><sessioninfo id="triton.local-e2554ad2" start="1674994605571" dump="1674994609096"/><sessioninfo id="triton.local-9b66401d" start="1674994609271" dump="1674994613541"/><sessioninfo id="triton.local-bd934482" start="1674994613714" dump="1674994615874"/><sessioninfo id="triton.local-f7111663" start="1674994616068" dump="1674994618288"/><sessioninfo id="triton.local-adb89104" start="1674994618498" dump="1674994625068"/><sessioninfo id="triton.local-797678da" start="1674994625237" dump="1674994627366"/><sessioninfo id="triton.local-522b7699" start="1674994627578" dump="1674994630981"/><sessioninfo id="triton.local-4649666c" start="1674994631163" dump="1674994633072"/></report>